nftset=/client.wns.windows.com/4#inet#fw4#vpn_domains
nftset=/fe3cr.delivery.mp.microsoft.com/4#inet#fw4#vpn_domains
nftset=/login.live.com/4#inet#fw4#vpn_domains
nftset=/displaycatalog.mp.microsoft.com/4#inet#fw4#vpn_domains
nftset=/xsts.auth.xboxlive.com/4#inet#fw4#vpn_domains
nftset=/slscr.update.microsoft.com/4#inet#fw4#vpn_domains
nftset=/update.xboxlive.com/4#inet#fw4#vpn_domains
nftset=/www.msftconnecttest.com/4#inet#fw4#vpn_domains
nftset=/ocsp.digicert.com/4#inet#fw4#vpn_domains
nftset=/cert.mgt.xboxlive.com/4#inet#fw4#vpn_domains
nftset=/notify.xboxlive.com/4#inet#fw4#vpn_domains
nftset=/x2.c.lencr.org/4#inet#fw4#vpn_domains
nftset=/ctldl.windowsupdate.com/4#inet#fw4#vpn_domains
nftset=/x1.c.lencr.org/4#inet#fw4#vpn_domains
nftset=/settings-win.data.microsoft.com/4#inet#fw4#vpn_domains
nftset=/xbaccessories-bhf7bsbfgxdpbrg4.b02.azurefd.net/4#inet#fw4#vpn_domains
nftset=/arc.msn.com/4#inet#fw4#vpn_domains
nftset=/xbox-guide-public.rec.mp.microsoft.com/4#inet#fw4#vpn_domains
nftset=/catalog.gamepass.com/4#inet#fw4#vpn_domains
nftset=/xflight.xboxlive.com/4#inet#fw4#vpn_domains
nftset=/licensing.mp.microsoft.com/4#inet#fw4#vpn_domains
nftset=/editorial.xboxlive.com/4#inet#fw4#vpn_domains
nftset=/xkms.xboxlive.com/4#inet#fw4#vpn_domains
nftset=/www.xboxab.com/4#inet#fw4#vpn_domains
nftset=/title.auth.xboxlive.com/4#inet#fw4#vpn_domains
nftset=/title.mgt.xboxlive.com/4#inet#fw4#vpn_domains
nftset=/xbox.ipv6.microsoft.com/4#inet#fw4#vpn_domains
nftset=/device.auth.xboxlive.com/4#inet#fw4#vpn_domains
nftset=/instance.mgt.xboxlive.com/4#inet#fw4#vpn_domains
nftset=/achievements.xboxlive.com/4#inet#fw4#vpn_domains
nftset=/v10.events.data.microsoft.com/4#inet#fw4#vpn_domains
nftset=/clubhub.xboxlive.com/4#inet#fw4#vpn_domains
nftset=/peoplehub.xboxlive.com/4#inet#fw4#vpn_domains
nftset=/userpresence.xboxlive.com/4#inet#fw4#vpn_domains
nftset=/titlestorage.xboxlive.com/4#inet#fw4#vpn_domains
nftset=/assets1.xboxlive.com/4#inet#fw4#vpn_domains
nftset=/v20.events.data.microsoft.com/4#inet#fw4#vpn_domains
nftset=/store-images.s-microsoft.com/4#inet#fw4#vpn_domains
nftset=/collections.mp.microsoft.com/4#inet#fw4#vpn_domains
nftset=/pti.store.microsoft.com/4#inet#fw4#vpn_domains
nftset=/comments.xboxlive.com/4#inet#fw4#vpn_domains
nftset=/gameclipscontent-d3004.media.xboxlive.com/4#inet#fw4#vpn_domains
nftset=/images-eds-ssl.xboxlive.com/4#inet#fw4#vpn_domains
nftset=/images-eds.xboxlive.com/4#inet#fw4#vpn_domains
nftset=/privacy.xboxlive.com/4#inet#fw4#vpn_domains
nftset=/rta.xboxlive.com/4#inet#fw4#vpn_domains
nftset=/sessiondirectory.xboxlive.com/4#inet#fw4#vpn_domains
nftset=/usertitles.xboxlive.com/4#inet#fw4#vpn_domains
nftset=/packages.xboxlive.com/4#inet#fw4#vpn_domains
nftset=/titlestoragecus0103.blob.core.windows.net/4#inet#fw4#vpn_domains
nftset=/titlehub.xboxlive.com/4#inet#fw4#vpn_domains
nftset=/fs.microsoft.com/4#inet#fw4#vpn_domains
nftset=/ipv6.msftconnecttest.com/4#inet#fw4#vpn_domains
nftset=/store-images.microsoft.com/4#inet#fw4#vpn_domains
nftset=/collections.md.mp.microsoft.com/4#inet#fw4#vpn_domains
nftset=/user.auth.xboxlive.com/4#inet#fw4#vpn_domains
nftset=/pmservices.cp.microsoft.com/4#inet#fw4#vpn_domains
nftset=/profile.xboxlive.com/4#inet#fw4#vpn_domains
nftset=/silver.xboxservices.com/4#inet#fw4#vpn_domains
nftset=/storecatalogrevocation.storequality.microsoft.com/4#inet#fw4#vpn_domains
nftset=/res.public.onecdn.static.microsoft/4#inet#fw4#vpn_domains
nftset=/activity.windows.com/4#inet#fw4#vpn_domains
nftset=/continuum.dds.microsoft.com/4#inet#fw4#vpn_domains
nftset=/streaming.xboxlive.com/4#inet#fw4#vpn_domains
nftset=/query.prod.cms.rt.microsoft.com/4#inet#fw4#vpn_domains
nftset=/avty.xboxlive.com/4#inet#fw4#vpn_domains
nftset=/dlassets-ssl.xboxlive.com/4#inet#fw4#vpn_domains
nftset=/notificationinbox.xboxlive.com/4#inet#fw4#vpn_domains
nftset=/xblmessaging.xboxlive.com/4#inet#fw4#vpn_domains
nftset=/userstats.xboxlive.com/4#inet#fw4#vpn_domains
nftset=/eplists.xboxlive.com/4#inet#fw4#vpn_domains
nftset=/avatarv3.xboxlive.com/4#inet#fw4#vpn_domains
nftset=/accounts.xboxlive.com/4#inet#fw4#vpn_domains
nftset=/social.xboxlive.com/4#inet#fw4#vpn_domains
nftset=/notifier.xboxlive.com/4#inet#fw4#vpn_domains
nftset=/at.atwola.com/4#inet#fw4#vpn_domains
nftset=/musicart.xboxlive.com/4#inet#fw4#vpn_domains
nftset=/xgrant.xboxlive.com/4#inet#fw4#vpn_domains
nftset=/xnotify.xboxlive.com/4#inet#fw4#vpn_domains
nftset=/ocsp.usertrust.com/4#inet#fw4#vpn_domains
nftset=/nav.smartscreen.microsoft.com/4#inet#fw4#vpn_domains
nftset=/graph.microsoft.com/4#inet#fw4#vpn_domains
nftset=/leaderboards.xboxlive.com/4#inet#fw4#vpn_domains
nftset=/aqua.xboxservices.com/4#inet#fw4#vpn_domains
nftset=/mediadata.xboxlive.com/4#inet#fw4#vpn_domains
